This is pdfTeX, Version 3.1415926-2.5-1.40.14 (TeX Live 2013) (format=pdflatex 2014.2.26)  25 JAN 2019 16:11
entering extended mode
 restricted \write18 enabled.
 file:line:error style messages enabled.
 %&-line parsing enabled.
**ElSpec-manual.tex
(./ElSpec-manual.tex
LaTeX2e <2011/06/27>
Babel <3.9f> and hyphenation patterns for 78 languages loaded.
(/usr/local/texlive/2013/texmf-dist/tex/latex/base/report.cls
Document Class: report 2007/10/19 v1.4h Standard LaTeX document class
(/usr/local/texlive/2013/texmf-dist/tex/latex/base/size12.clo
File: size12.clo 2007/10/19 v1.4h Standard LaTeX file (size option)
)
\c@part=\count79
\c@chapter=\count80
\c@section=\count81
\c@subsection=\count82
\c@subsubsection=\count83
\c@paragraph=\count84
\c@subparagraph=\count85
\c@figure=\count86
\c@table=\count87
\abovecaptionskip=\skip41
\belowcaptionskip=\skip42
\bibindent=\dimen102
)
(/usr/local/texlive/2013/texmf-dist/tex/latex/graphics/graphicx.sty
Package: graphicx 1999/02/16 v1.0f Enhanced LaTeX Graphics (DPC,SPQR)

(/usr/local/texlive/2013/texmf-dist/tex/latex/graphics/keyval.sty
Package: keyval 1999/03/16 v1.13 key=value parser (DPC)
\KV@toks@=\toks14
)
(/usr/local/texlive/2013/texmf-dist/tex/latex/graphics/graphics.sty
Package: graphics 2009/02/05 v1.0o Standard LaTeX Graphics (DPC,SPQR)

(/usr/local/texlive/2013/texmf-dist/tex/latex/graphics/trig.sty
Package: trig 1999/03/16 v1.09 sin cos tan (DPC)
)
(/usr/local/texlive/2013/texmf-dist/tex/latex/latexconfig/graphics.cfg
File: graphics.cfg 2010/04/23 v1.9 graphics configuration of TeX Live
)
Package graphics Info: Driver file: pdftex.def on input line 91.

(/usr/local/texlive/2013/texmf-dist/tex/latex/pdftex-def/pdftex.def
File: pdftex.def 2011/05/27 v0.06d Graphics/color for pdfTeX

(/usr/local/texlive/2013/texmf-dist/tex/generic/oberdiek/infwarerr.sty
Package: infwarerr 2010/04/08 v1.3 Providing info/warning/error messages (HO)
)
(/usr/local/texlive/2013/texmf-dist/tex/generic/oberdiek/ltxcmds.sty
Package: ltxcmds 2011/11/09 v1.22 LaTeX kernel commands for general use (HO)
)
\Gread@gobject=\count88
))
\Gin@req@height=\dimen103
\Gin@req@width=\dimen104
)
(/usr/local/texlive/2013/texmf-dist/tex/latex/graphics/color.sty
Package: color 2005/11/14 v1.0j Standard LaTeX Color (DPC)

(/usr/local/texlive/2013/texmf-dist/tex/latex/latexconfig/color.cfg
File: color.cfg 2007/01/18 v1.5 color configuration of teTeX/TeXLive
)
Package color Info: Driver file: pdftex.def on input line 130.
)
(/usr/local/texlive/2013/texmf-dist/tex/latex/newtx/newtxtext.sty
Package: newtxtext 2013/05/19 v1.10

`newtxtext' v1.10, 2013/05/19 Text macros based on txfonts (msharpe)
(/usr/local/texlive/2013/texmf-dist/tex/latex/fontaxes/fontaxes.sty
Package: fontaxes 2011/12/16 v1.0c Font selection axes
LaTeX Info: Redefining \upshape on input line 29.
LaTeX Info: Redefining \itshape on input line 31.
LaTeX Info: Redefining \slshape on input line 33.
LaTeX Info: Redefining \scshape on input line 37.
)
(/usr/local/texlive/2013/texmf-dist/tex/latex/xkeyval/xkeyval.sty
Package: xkeyval 2012/10/14 v2.6b package option processing (HA)

(/usr/local/texlive/2013/texmf-dist/tex/generic/xkeyval/xkeyval.tex
\XKV@toks=\toks15
\XKV@tempa@toks=\toks16
\XKV@depth=\count89
File: xkeyval.tex 2012/10/14 v2.6b key=value parser (HA)
))
(/usr/local/texlive/2013/texmf-dist/tex/latex/base/fontenc.sty
Package: fontenc 2005/09/27 v1.99g Standard LaTeX package

(/usr/local/texlive/2013/texmf-dist/tex/latex/base/t1enc.def
File: t1enc.def 2005/09/27 v1.99g Standard LaTeX file
LaTeX Font Info:    Redeclaring font encoding T1 on input line 43.
)))
(/usr/local/texlive/2013/texmf-dist/tex/latex/newtx/newtxmath.sty
Package: newtxmath 2013/05/25 v1.11

`newtxmath' v1.11, 2013/05/25 Math macros based on txfonts (msharpe)
(/usr/local/texlive/2013/texmf-dist/tex/latex/amsmath/amsmath.sty
Package: amsmath 2013/01/14 v2.14 AMS math features
\@mathmargin=\skip43

For additional information on amsmath, use the `?' option.
(/usr/local/texlive/2013/texmf-dist/tex/latex/amsmath/amstext.sty
Package: amstext 2000/06/29 v2.01

(/usr/local/texlive/2013/texmf-dist/tex/latex/amsmath/amsgen.sty
File: amsgen.sty 1999/11/30 v2.0
\@emptytoks=\toks17
\ex@=\dimen105
))
(/usr/local/texlive/2013/texmf-dist/tex/latex/amsmath/amsbsy.sty
Package: amsbsy 1999/11/29 v1.2d
\pmbraise@=\dimen106
)
(/usr/local/texlive/2013/texmf-dist/tex/latex/amsmath/amsopn.sty
Package: amsopn 1999/12/14 v2.01 operator names
)
\inf@bad=\count90
LaTeX Info: Redefining \frac on input line 210.
\uproot@=\count91
\leftroot@=\count92
LaTeX Info: Redefining \overline on input line 306.
\classnum@=\count93
\DOTSCASE@=\count94
LaTeX Info: Redefining \ldots on input line 378.
LaTeX Info: Redefining \dots on input line 381.
LaTeX Info: Redefining \cdots on input line 466.
\Mathstrutbox@=\box26
\strutbox@=\box27
\big@size=\dimen107
LaTeX Font Info:    Redeclaring font encoding OML on input line 566.
LaTeX Font Info:    Redeclaring font encoding OMS on input line 567.
\macc@depth=\count95
\c@MaxMatrixCols=\count96
\dotsspace@=\muskip10
\c@parentequation=\count97
\dspbrk@lvl=\count98
\tag@help=\toks18
\row@=\count99
\column@=\count100
\maxfields@=\count101
\andhelp@=\toks19
\eqnshift@=\dimen108
\alignsep@=\dimen109
\tagshift@=\dimen110
\tagwidth@=\dimen111
\totwidth@=\dimen112
\lineht@=\dimen113
\@envbody=\toks20
\multlinegap=\skip44
\multlinetaggap=\skip45
\mathdisplay@stack=\toks21
LaTeX Info: Redefining \[ on input line 2665.
LaTeX Info: Redefining \] on input line 2666.
)
(/usr/local/texlive/2013/texmf-dist/tex/generic/kastrup/binhex.tex)
\tx@Isdigit=\count102
LaTeX Font Info:    Redeclaring symbol font `operators' on input line 68.
LaTeX Font Info:    Encoding `OT1' has changed to `T1' for symbol font
(Font)              `operators' in the math version `normal' on input line 68.
LaTeX Font Info:    Overwriting symbol font `operators' in version `normal'
(Font)                  OT1/cmr/m/n --> T1/ntxrx/m/n on input line 68.
LaTeX Font Info:    Encoding `OT1' has changed to `T1' for symbol font
(Font)              `operators' in the math version `bold' on input line 68.
LaTeX Font Info:    Overwriting symbol font `operators' in version `bold'
(Font)                  OT1/cmr/bx/n --> T1/ntxrx/m/n on input line 68.
LaTeX Font Info:    Overwriting symbol font `operators' in version `bold'
(Font)                  T1/ntxrx/m/n --> T1/ntxrx/b/n on input line 72.
LaTeX Font Info:    Redeclaring math alphabet \mathsf on input line 76.
LaTeX Font Info:    Overwriting math alphabet `\mathsf' in version `normal'
(Font)                  OT1/cmss/m/n --> T1/ntxss/m/n on input line 76.
LaTeX Font Info:    Overwriting math alphabet `\mathsf' in version `bold'
(Font)                  OT1/cmss/bx/n --> T1/ntxss/m/n on input line 76.
LaTeX Font Info:    Redeclaring math alphabet \mathit on input line 77.
LaTeX Font Info:    Overwriting math alphabet `\mathit' in version `normal'
(Font)                  OT1/cmr/m/it --> T1/ntxrx/m/it on input line 77.
LaTeX Font Info:    Overwriting math alphabet `\mathit' in version `bold'
(Font)                  OT1/cmr/bx/it --> T1/ntxrx/m/it on input line 77.
LaTeX Font Info:    Redeclaring math alphabet \mathtt on input line 78.
LaTeX Font Info:    Overwriting math alphabet `\mathtt' in version `normal'
(Font)                  OT1/cmtt/m/n --> T1/ntxtt/m/n on input line 78.
LaTeX Font Info:    Overwriting math alphabet `\mathtt' in version `bold'
(Font)                  OT1/cmtt/m/n --> T1/ntxtt/m/n on input line 78.
LaTeX Font Info:    Redeclaring math alphabet \mathbf on input line 84.
LaTeX Font Info:    Overwriting math alphabet `\mathbf' in version `normal'
(Font)                  OT1/cmr/bx/n --> T1/ntxrx/b/n on input line 84.
LaTeX Font Info:    Overwriting math alphabet `\mathbf' in version `bold'
(Font)                  OT1/cmr/bx/n --> T1/ntxrx/b/n on input line 84.
LaTeX Font Info:    Overwriting math alphabet `\mathit' in version `bold'
(Font)                  T1/ntxrx/m/it --> T1/ntxrx/b/it on input line 85.
LaTeX Font Info:    Overwriting math alphabet `\mathsf' in version `bold'
(Font)                  T1/ntxss/m/n --> T1/ntxss/b/n on input line 87.
LaTeX Font Info:    Overwriting math alphabet `\mathtt' in version `bold'
(Font)                  T1/ntxtt/m/n --> T1/ntxtt/b/n on input line 88.
LaTeX Font Info:    Redeclaring symbol font `letters' on input line 109.
LaTeX Font Info:    Overwriting symbol font `letters' in version `normal'
(Font)                  OML/cmm/m/it --> OML/ntxmi/m/it on input line 109.
LaTeX Font Info:    Overwriting symbol font `letters' in version `bold'
(Font)                  OML/cmm/b/it --> OML/ntxmi/m/it on input line 109.
LaTeX Font Info:    Overwriting symbol font `letters' in version `bold'
(Font)                  OML/ntxmi/m/it --> OML/ntxmi/b/it on input line 110.
\symlettersA=\mathgroup4
LaTeX Font Info:    Overwriting symbol font `lettersA' in version `bold'
(Font)                  U/ntxmia/m/it --> U/ntxmia/b/it on input line 121.
LaTeX Font Info:    Redeclaring symbol font `symbols' on input line 129.
LaTeX Font Info:    Overwriting symbol font `symbols' in version `normal'
(Font)                  OMS/cmsy/m/n --> OMS/ntxsy/m/n on input line 129.
LaTeX Font Info:    Overwriting symbol font `symbols' in version `bold'
(Font)                  OMS/cmsy/b/n --> OMS/ntxsy/m/n on input line 129.
LaTeX Font Info:    Overwriting symbol font `symbols' in version `bold'
(Font)                  OMS/ntxsy/m/n --> OMS/ntxsy/b/n on input line 130.
\symAMSa=\mathgroup5
LaTeX Font Info:    Overwriting symbol font `AMSa' in version `bold'
(Font)                  U/ntxsya/m/n --> U/ntxsya/b/n on input line 146.
\symAMSb=\mathgroup6
LaTeX Font Info:    Overwriting symbol font `AMSb' in version `bold'
(Font)                  U/ntxsyb/m/n --> U/ntxsyb/b/n on input line 155.
\symsymbolsC=\mathgroup7
LaTeX Font Info:    Overwriting symbol font `symbolsC' in version `bold'
(Font)                  U/ntxsyc/m/n --> U/ntxsyc/b/n on input line 166.
LaTeX Font Info:    Redeclaring symbol font `largesymbols' on input line 178.
LaTeX Font Info:    Overwriting symbol font `largesymbols' in version `normal'
(Font)                  OMX/cmex/m/n --> OMX/ntxex/m/n on input line 178.
LaTeX Font Info:    Overwriting symbol font `largesymbols' in version `bold'
(Font)                  OMX/cmex/m/n --> OMX/ntxex/m/n on input line 178.
LaTeX Font Info:    Overwriting symbol font `largesymbols' in version `bold'
(Font)                  OMX/ntxex/m/n --> OMX/ntxex/b/n on input line 179.
\symlargesymbolsTXA=\mathgroup8
LaTeX Font Info:    Overwriting symbol font `largesymbolsTXA' in version `bold'

(Font)                  U/ntxexa/m/n --> U/ntxexa/b/n on input line 187.
LaTeX Info: Redefining \not on input line 1359.
)
(/usr/local/texlive/2013/texmf-dist/tex/latex/tools/bm.sty
Package: bm 2004/02/26 v1.1c Bold Symbol Support (DPC/FMi)
\symboldoperators=\mathgroup9
\symboldletters=\mathgroup10
\symboldsymbols=\mathgroup11
\symboldlargesymbols=\mathgroup12
LaTeX Font Info:    Redeclaring math alphabet \mathbf on input line 138.
LaTeX Info: Redefining \bm on input line 204.
)
(/usr/local/texlive/2013/texmf-dist/tex/latex/hyperref/hyperref.sty
Package: hyperref 2012/11/06 v6.83m Hypertext links for LaTeX

(/usr/local/texlive/2013/texmf-dist/tex/generic/oberdiek/hobsub-hyperref.sty
Package: hobsub-hyperref 2012/05/28 v1.13 Bundle oberdiek, subset hyperref (HO)


(/usr/local/texlive/2013/texmf-dist/tex/generic/oberdiek/hobsub-generic.sty
Package: hobsub-generic 2012/05/28 v1.13 Bundle oberdiek, subset generic (HO)
Package: hobsub 2012/05/28 v1.13 Construct package bundles (HO)
Package hobsub Info: Skipping package `infwarerr' (already loaded).
Package hobsub Info: Skipping package `ltxcmds' (already loaded).
Package: ifluatex 2010/03/01 v1.3 Provides the ifluatex switch (HO)
Package ifluatex Info: LuaTeX not detected.
Package: ifvtex 2010/03/01 v1.5 Detect VTeX and its facilities (HO)
Package ifvtex Info: VTeX not detected.
Package: intcalc 2007/09/27 v1.1 Expandable calculations with integers (HO)
Package: ifpdf 2011/01/30 v2.3 Provides the ifpdf switch (HO)
Package ifpdf Info: pdfTeX in PDF mode is detected.
Package: etexcmds 2011/02/16 v1.5 Avoid name clashes with e-TeX commands (HO)
Package etexcmds Info: Could not find \expanded.
(etexcmds)             That can mean that you are not using pdfTeX 1.50 or
(etexcmds)             that some package has redefined \expanded.
(etexcmds)             In the latter case, load this package earlier.
Package: kvsetkeys 2012/04/25 v1.16 Key value parser (HO)
Package: kvdefinekeys 2011/04/07 v1.3 Define keys (HO)
Package: pdftexcmds 2011/11/29 v0.20 Utility functions of pdfTeX for LuaTeX (HO
)
Package pdftexcmds Info: LuaTeX not detected.
Package pdftexcmds Info: \pdf@primitive is available.
Package pdftexcmds Info: \pdf@ifprimitive is available.
Package pdftexcmds Info: \pdfdraftmode found.
Package: pdfescape 2011/11/25 v1.13 Implements pdfTeX's escape features (HO)
Package: bigintcalc 2012/04/08 v1.3 Expandable calculations on big integers (HO
)
Package: bitset 2011/01/30 v1.1 Handle bit-vector datatype (HO)
Package: uniquecounter 2011/01/30 v1.2 Provide unlimited unique counter (HO)
)
Package hobsub Info: Skipping package `hobsub' (already loaded).
Package: letltxmacro 2010/09/02 v1.4 Let assignment for LaTeX macros (HO)
Package: hopatch 2012/05/28 v1.2 Wrapper for package hooks (HO)
Package: xcolor-patch 2011/01/30 xcolor patch
Package: atveryend 2011/06/30 v1.8 Hooks at the very end of document (HO)
Package atveryend Info: \enddocument detected (standard20110627).
Package: atbegshi 2011/10/05 v1.16 At begin shipout hook (HO)
Package: refcount 2011/10/16 v3.4 Data extraction from label references (HO)
Package: hycolor 2011/01/30 v1.7 Color options for hyperref/bookmark (HO)
)
(/usr/local/texlive/2013/texmf-dist/tex/generic/ifxetex/ifxetex.sty
Package: ifxetex 2010/09/12 v0.6 Provides ifxetex conditional
)
(/usr/local/texlive/2013/texmf-dist/tex/latex/oberdiek/auxhook.sty
Package: auxhook 2011/03/04 v1.3 Hooks for auxiliary files (HO)
)
(/usr/local/texlive/2013/texmf-dist/tex/latex/oberdiek/kvoptions.sty
Package: kvoptions 2011/06/30 v3.11 Key value format for package options (HO)
)
\@linkdim=\dimen114
\Hy@linkcounter=\count103
\Hy@pagecounter=\count104

(/usr/local/texlive/2013/texmf-dist/tex/latex/hyperref/pd1enc.def
File: pd1enc.def 2012/11/06 v6.83m Hyperref: PDFDocEncoding definition (HO)
)
\Hy@SavedSpaceFactor=\count105

(/usr/local/texlive/2013/texmf-dist/tex/latex/latexconfig/hyperref.cfg
File: hyperref.cfg 2002/06/06 v1.2 hyperref configuration of TeXLive
)
Package hyperref Info: Hyper figures OFF on input line 4443.
Package hyperref Info: Link nesting OFF on input line 4448.
Package hyperref Info: Hyper index ON on input line 4451.
Package hyperref Info: Plain pages OFF on input line 4458.
Package hyperref Info: Backreferencing OFF on input line 4463.
Package hyperref Info: Implicit mode ON; LaTeX internals redefined.
Package hyperref Info: Bookmarks ON on input line 4688.
\c@Hy@tempcnt=\count106

(/usr/local/texlive/2013/texmf-dist/tex/latex/url/url.sty
\Urlmuskip=\muskip11
Package: url 2006/04/12  ver 3.3  Verb mode for urls, etc.
)
LaTeX Info: Redefining \url on input line 5041.
\XeTeXLinkMargin=\dimen115
\Fld@menulength=\count107
\Field@Width=\dimen116
\Fld@charsize=\dimen117
Package hyperref Info: Hyper figures OFF on input line 6295.
Package hyperref Info: Link nesting OFF on input line 6300.
Package hyperref Info: Hyper index ON on input line 6303.
Package hyperref Info: backreferencing OFF on input line 6310.
Package hyperref Info: Link coloring OFF on input line 6315.
Package hyperref Info: Link coloring with OCG OFF on input line 6320.
Package hyperref Info: PDF/A mode OFF on input line 6325.
LaTeX Info: Redefining \ref on input line 6365.
LaTeX Info: Redefining \pageref on input line 6369.
\Hy@abspage=\count108
\c@Item=\count109
\c@Hfootnote=\count110
)

Package hyperref Message: Driver (autodetected): hpdftex.

(/usr/local/texlive/2013/texmf-dist/tex/latex/hyperref/hpdftex.def
File: hpdftex.def 2012/11/06 v6.83m Hyperref driver for pdfTeX
\Fld@listcount=\count111
\c@bookmark@seq@number=\count112

(/usr/local/texlive/2013/texmf-dist/tex/latex/oberdiek/rerunfilecheck.sty
Package: rerunfilecheck 2011/04/15 v1.7 Rerun checks for auxiliary files (HO)
Package uniquecounter Info: New unique counter `rerunfilecheck' on input line 2
82.
)
\Hy@SectionHShift=\skip46
)
(/Users/ilkkavir/Library/texmf/tex/latex/copernicus_2.3/natbib.sty
Package: natbib 2006/09/06 7.4a (PWD)
\bibhang=\skip47
\bibsep=\skip48
LaTeX Info: Redefining \cite on input line 541.
\c@NAT@ctr=\count113
)
(/usr/local/texlive/2013/texmf-dist/tex/latex/listings/listings.sty
\lst@mode=\count114
\lst@gtempboxa=\box28
\lst@token=\toks22
\lst@length=\count115
\lst@currlwidth=\dimen118
\lst@column=\count116
\lst@pos=\count117
\lst@lostspace=\dimen119
\lst@width=\dimen120
\lst@newlines=\count118
\lst@lineno=\count119
\lst@maxwidth=\dimen121

(/usr/local/texlive/2013/texmf-dist/tex/latex/listings/lstmisc.sty
File: lstmisc.sty 2007/02/22 1.4 (Carsten Heinz)
\c@lstnumber=\count120
\lst@skipnumbers=\count121
\lst@framebox=\box29
)
(/usr/local/texlive/2013/texmf-dist/tex/latex/listings/listings.cfg
File: listings.cfg 2007/02/22 1.4 listings configuration
))
Package: listings 2007/02/22 1.4 (Carsten Heinz)

(./ElSpec-manual.aux)
\openout1 = `ElSpec-manual.aux'.

LaTeX Font Info:    Checking defaults for OML/ntxmi/m/it on input line 64.
LaTeX Font Info:    Try loading font information for OML+ntxmi on input line 64
.

(/usr/local/texlive/2013/texmf-dist/tex/latex/newtx/omlntxmi.fd
File: omlntxmi.fd 2012/03/22 Fontinst v1.933 font definitions for OML/ntxmi.
)
LaTeX Font Info:    ... okay on input line 64.
LaTeX Font Info:    Checking defaults for T1/cmr/m/n on input line 64.
LaTeX Font Info:    ... okay on input line 64.
LaTeX Font Info:    Checking defaults for OT1/cmr/m/n on input line 64.
LaTeX Font Info:    ... okay on input line 64.
LaTeX Font Info:    Checking defaults for OMS/ntxsy/m/n on input line 64.
LaTeX Font Info:    Try loading font information for OMS+ntxsy on input line 64
.

(/usr/local/texlive/2013/texmf-dist/tex/latex/newtx/omsntxsy.fd
File: omsntxsy.fd 2012/11/14 Fontinst v1.933 font definitions for OMS/ntxsy.
)
LaTeX Font Info:    ... okay on input line 64.
LaTeX Font Info:    Checking defaults for OMX/ntxex/m/n on input line 64.
LaTeX Font Info:    Try loading font information for OMX+ntxex on input line 64
.

(/usr/local/texlive/2013/texmf-dist/tex/latex/newtx/omxntxex.fd
File: omxntxex.fd 2012/04/18 Fontinst v1.933 font definitions for OMX/ntxex.
)
LaTeX Font Info:    ... okay on input line 64.
LaTeX Font Info:    Checking defaults for U/ntxexa/m/n on input line 64.
LaTeX Font Info:    Try loading font information for U+ntxexa on input line 64.


(/usr/local/texlive/2013/texmf-dist/tex/latex/newtx/untxexa.fd
File: untxexa.fd 2012/04/16 Fontinst v1.933 font definitions for U/ntxexa.
)
LaTeX Font Info:    ... okay on input line 64.
LaTeX Font Info:    Checking defaults for PD1/pdf/m/n on input line 64.
LaTeX Font Info:    ... okay on input line 64.
LaTeX Font Info:    Try loading font information for T1+ntxrx on input line 64.


(/usr/local/texlive/2013/texmf-dist/tex/latex/newtx/t1ntxrx.fd
File: t1ntxrx.fd 2012/12/25 v1.0
)
(/usr/local/texlive/2013/texmf-dist/tex/context/base/supp-pdf.mkii
[Loading MPS to PDF converter (version 2006.09.02).]
\scratchcounter=\count122
\scratchdimen=\dimen122
\scratchbox=\box30
\nofMPsegments=\count123
\nofMParguments=\count124
\everyMPshowfont=\toks23
\MPscratchCnt=\count125
\MPscratchDim=\dimen123
\MPnumerator=\count126
\makeMPintoPDFobject=\count127
\everyMPtoPDFconversion=\toks24
) (/usr/local/texlive/2013/texmf-dist/tex/latex/oberdiek/epstopdf-base.sty
Package: epstopdf-base 2010/02/09 v2.5 Base part for package epstopdf

(/usr/local/texlive/2013/texmf-dist/tex/latex/oberdiek/grfext.sty
Package: grfext 2010/08/19 v1.1 Manage graphics extensions (HO)
)
Package grfext Info: Graphics extension search list:
(grfext)             [.png,.pdf,.jpg,.mps,.jpeg,.jbig2,.jb2,.PNG,.PDF,.JPG,.JPE
G,.JBIG2,.JB2,.eps]
(grfext)             \AppendGraphicsExtensions on input line 452.

(/usr/local/texlive/2013/texmf-dist/tex/latex/latexconfig/epstopdf-sys.cfg
File: epstopdf-sys.cfg 2010/07/13 v1.3 Configuration of (r)epstopdf for TeX Liv
e
))
\c@mv@tabular=\count128
\c@mv@boldtabular=\count129
\AtBeginShipoutBox=\box31
Package hyperref Info: Link coloring OFF on input line 64.

(/usr/local/texlive/2013/texmf-dist/tex/latex/hyperref/nameref.sty
Package: nameref 2012/10/27 v2.43 Cross-referencing by name of section

(/usr/local/texlive/2013/texmf-dist/tex/generic/oberdiek/gettitlestring.sty
Package: gettitlestring 2010/12/03 v1.4 Cleanup title references (HO)
)
\c@section@level=\count130
)
LaTeX Info: Redefining \ref on input line 64.
LaTeX Info: Redefining \pageref on input line 64.
LaTeX Info: Redefining \nameref on input line 64.

(./ElSpec-manual.out) (./ElSpec-manual.out)
\@outlinefile=\write3
\openout3 = `ElSpec-manual.out'.

\c@lstlisting=\count131
LaTeX Font Info:    Try loading font information for U+ntxmia on input line 70.


(/usr/local/texlive/2013/texmf-dist/tex/latex/newtx/untxmia.fd
File: untxmia.fd 2012/04/16 Fontinst v1.933 font definitions for U/ntxmia.
)
LaTeX Font Info:    Try loading font information for U+ntxsya on input line 70.


(/usr/local/texlive/2013/texmf-dist/tex/latex/newtx/untxsya.fd
File: untxsya.fd 2012/04/12 Fontinst v1.933 font definitions for U/ntxsya.
)
LaTeX Font Info:    Try loading font information for U+ntxsyb on input line 70.


(/usr/local/texlive/2013/texmf-dist/tex/latex/newtx/untxsyb.fd
File: untxsyb.fd 2012/04/12 Fontinst v1.933 font definitions for U/ntxsyb.
)
LaTeX Font Info:    Try loading font information for U+ntxsyc on input line 70.


(/usr/local/texlive/2013/texmf-dist/tex/latex/newtx/untxsyc.fd
File: untxsyc.fd 2012/04/12 Fontinst v1.933 font definitions for U/ntxsyc.
)
LaTeX Font Info:    Font shape `T1/ntxrx/b/n' in size <14.4> not available
(Font)              Font shape `T1/ntxrx/bx/n' tried instead on input line 70.
LaTeX Font Info:    Font shape `T1/ntxrx/b/n' in size <10.5> not available
(Font)              Font shape `T1/ntxrx/bx/n' tried instead on input line 70.
LaTeX Font Info:    Font shape `T1/ntxrx/b/n' in size <7.9> not available
(Font)              Font shape `T1/ntxrx/bx/n' tried instead on input line 70.
 [1

{/usr/local/texlive/2013/texmf-var/fonts/map/pdftex/updmap/pdftex.map}]
LaTeX Font Info:    Try loading font information for T1+ntxtt on input line 81.


(/usr/local/texlive/2013/texmf-dist/tex/latex/newtx/t1ntxtt.fd
File: t1ntxtt.fd 2012/04/20 v3.1
)
Overfull \hbox (64.14995pt too wide) in paragraph at lines 98--98
[]\T1/ntxtt/m/n/10.95 Foundation, Inc., 51 Franklin Street, Fifth Floor, Boston
, MA  02110-1301, USA.[] 
 []

pdfTeX warning (ext4): destination with the same identifier (name{page.1}) has 
been already used, duplicate ignored
<to be read again> 
                   \relax 
l.104 \newpage
               [1

] (./ElSpec-manual.toc
LaTeX Font Info:    Font shape `T1/ntxrx/b/n' in size <12> not available
(Font)              Font shape `T1/ntxrx/bx/n' tried instead on input line 2.
LaTeX Font Info:    Font shape `T1/ntxrx/b/n' in size <8.8> not available
(Font)              Font shape `T1/ntxrx/bx/n' tried instead on input line 2.
LaTeX Font Info:    Font shape `T1/ntxrx/b/n' in size <6.6> not available
(Font)              Font shape `T1/ntxrx/bx/n' tried instead on input line 2.
 [2

])
\tf@toc=\write4
\openout4 = `ElSpec-manual.toc'.

 [3]
Chapter 1.
[4

] [5]
Chapter 2.
[6

] [7] [8] [9]
Chapter 3.
(/usr/local/texlive/2013/texmf-dist/tex/latex/listings/lstlang1.sty
File: lstlang1.sty 2004/09/05 1.3 listings language file
) [10

]
[11] [12] [13]
Chapter 4.
<guisdap1.png, id=293, 264.5082pt x 294.3798pt>
File: guisdap1.png Graphic file (type png)
 <use guisdap1.png>
Package pdftex.def Info: guisdap1.png used on input line 359.
(pdftex.def)             Requested size: 191.10214pt x 212.68546pt.

<guisdap2.png, id=294, 264.5082pt x 294.3798pt>
File: guisdap2.png Graphic file (type png)
 <use guisdap2.png>
Package pdftex.def Info: guisdap2.png used on input line 360.
(pdftex.def)             Requested size: 191.10214pt x 212.68546pt.

<ElSpec_20150216T230135-20150216T235955_beata_uhf_Fang_SheehanGr_integrate_6_1_
dump.png, id=295, 489.9906pt x 692.3466pt>
File: ElSpec_20150216T230135-20150216T235955_beata_uhf_Fang_SheehanGr_integrate
_6_1_dump.png Graphic file (type png)

<use ElSpec_20150216T230135-20150216T235955_beata_uhf_Fang_SheehanGr_integrate_
6_1_dump.png>
Package pdftex.def Info: ElSpec_20150216T230135-20150216T235955_beata_uhf_Fang_
SheehanGr_integrate_6_1_dump.png used on input line 370.
(pdftex.def)             Requested size: 390.0pt x 551.07849pt.


LaTeX Warning: Float too large for page by 11.22249pt on input line 374.


<ElSpec_20150216T230135-20150216T235955_beata_uhf_Fang_SheehanGr_equilibrium_6_
1_dump.png, id=296, 489.9906pt x 692.3466pt>
File: ElSpec_20150216T230135-20150216T235955_beata_uhf_Fang_SheehanGr_equilibri
um_6_1_dump.png Graphic file (type png)

<use ElSpec_20150216T230135-20150216T235955_beata_uhf_Fang_SheehanGr_equilibriu
m_6_1_dump.png>
Package pdftex.def Info: ElSpec_20150216T230135-20150216T235955_beata_uhf_Fang_
SheehanGr_equilibrium_6_1_dump.png used on input line 378.
(pdftex.def)             Requested size: 390.0pt x 551.07849pt.


LaTeX Warning: Float too large for page by 11.22249pt on input line 382.


<ElSpec_20150216T230130-20150216T235900_beata_uhf_Fang_SheehanGr_equilibrium_1_
1_dump.png, id=297, 489.9906pt x 692.3466pt>
File: ElSpec_20150216T230130-20150216T235900_beata_uhf_Fang_SheehanGr_equilibri
um_1_1_dump.png Graphic file (type png)

<use ElSpec_20150216T230130-20150216T235900_beata_uhf_Fang_SheehanGr_equilibriu
m_1_1_dump.png>
Package pdftex.def Info: ElSpec_20150216T230130-20150216T235900_beata_uhf_Fang_
SheehanGr_equilibrium_1_1_dump.png used on input line 386.
(pdftex.def)             Requested size: 390.0pt x 551.07849pt.


LaTeX Warning: Float too large for page by 13.67648pt on input line 390.

[14

 <./guisdap1.png (PNG copy)> <./guisdap2.png (PNG copy)>]
Overfull \hbox (87.74861pt too wide) in paragraph at lines 412--413
[][][][][][][][][][][][][][][][][][][][][][][][][][][] 
 []

LaTeX Font Info:    Try loading font information for T1+ntxr1 on input line 415
.
(/usr/local/texlive/2013/texmf-dist/tex/latex/newtx/t1ntxr1.fd
File: t1ntxr1.fd 2012/07/29 v1.0
) [15] [16]
[17]
Overfull \hbox (56.2487pt too wide) in paragraph at lines 516--517
[][][][][][][][][][][][][][][][][][][][][][][][][][][][] 
 []

(./ElSpec-manual.bbl [18] [19 <./ElSpec_20150216T230135-20150216T235955_beata_u
hf_Fang_SheehanGr_integrate_6_1_dump.png (PNG copy)>] [20 <./ElSpec_20150216T23
0135-20150216T235955_beata_uhf_Fang_SheehanGr_equilibrium_6_1_dump.png (PNG cop
y)>] [21 <./ElSpec_20150216T230130-20150216T235900_beata_uhf_Fang_SheehanGr_equ
ilibrium_1_1_dump.png (PNG copy)>]) [22

]
Appendix A.

Underfull \hbox (badness 1789) in paragraph at lines 530--531
\T1/ntxrx/m/n/12 This ap-pendix lists the op-tional ar-gu-ments of the func-tio
ns []\T1/ntxtt/m/n/12 ElSpec \T1/ntxrx/m/n/12 and
 []


Underfull \hbox (badness 10000) in paragraph at lines 548--551

 []


Underfull \hbox (badness 10000) in paragraph at lines 552--555

 []

[23

]
Underfull \hbox (badness 10000) in paragraph at lines 556--558

 []


Underfull \hbox (badness 10000) in paragraph at lines 559--562

 []


Underfull \hbox (badness 10000) in paragraph at lines 563--566

 []


Underfull \hbox (badness 10000) in paragraph at lines 567--570

 []


Underfull \hbox (badness 10000) in paragraph at lines 571--574

 []


Underfull \hbox (badness 10000) in paragraph at lines 575--578

 []

[24]
Underfull \hbox (badness 10000) in paragraph at lines 591--594

 []


Underfull \hbox (badness 10000) in paragraph at lines 595--599

 []


Overfull \hbox (10.03008pt too wide) in paragraph at lines 600--604
\T1/ntxrx/m/n/12 Example: []\T1/ntxtt/m/n/12 ElSpec('egrid',logspace(log10(800)
,log10(8e4),200)) 
 []


Underfull \hbox (badness 10000) in paragraph at lines 600--604

 []

[25]
Underfull \hbox (badness 10000) in paragraph at lines 605--609

 []


Underfull \hbox (badness 10000) in paragraph at lines 610--613

 []


Underfull \hbox (badness 10000) in paragraph at lines 614--617

 []


Underfull \hbox (badness 10000) in paragraph at lines 618--622

 []


Underfull \hbox (badness 10000) in paragraph at lines 623--627

 []

[26]
Underfull \hbox (badness 10000) in paragraph at lines 628--631

 []


Underfull \hbox (badness 10000) in paragraph at lines 639--642

 []


Underfull \hbox (badness 10000) in paragraph at lines 643--646

 []

[27]
Underfull \hbox (badness 10000) in paragraph at lines 656--659

 []


Overfull \hbox (3.73009pt too wide) in paragraph at lines 660--663
\T1/ntxrx/m/n/12 Example: []\T1/ntxtt/m/n/12 out=ElSpec('fitdir','myFitDir'); E
lSpecPlot(out,2) 
 []


Underfull \hbox (badness 10000) in paragraph at lines 664--667

 []


Underfull \hbox (badness 10000) in paragraph at lines 668--671

 []


Underfull \hbox (badness 10000) in paragraph at lines 672--676

 []


Underfull \hbox (badness 10000) in paragraph at lines 677--680

 []

[28]
Underfull \hbox (badness 10000) in paragraph at lines 681--684

 []


Underfull \hbox (badness 10000) in paragraph at lines 685--688

 []


Underfull \hbox (badness 10000) in paragraph at lines 689--692

 []


Underfull \hbox (badness 10000) in paragraph at lines 693--696

 []


Underfull \hbox (badness 10000) in paragraph at lines 697--700

 []


Underfull \hbox (badness 10000) in paragraph at lines 701--704

 []


Underfull \hbox (badness 10000) in paragraph at lines 705--708

 []

[29] [30]
Appendix B.
Package hyperref Info: bookmark level for unknown lstlisting defaults to 0 on i
nput line 734.
(../license.txt
Overfull \hbox (18.00415pt too wide) in paragraph at lines 12--13
[][][][][][][][][][][][][][][][][][][][][][][][][][][][][][] 
 []


Overfull \hbox (30.00427pt too wide) in paragraph at lines 13--14
[][][][][][][][][][][][][][][][][][][][][][][][][][] 
 []


Overfull \hbox (12.00409pt too wide) in paragraph at lines 14--15
[][][][][][][][][][][][][][][][][][][][][][][][][][][][][] 
 []


Overfull \hbox (30.00427pt too wide) in paragraph at lines 16--17
[][][][][][][][][][][][][][][][][][][][][][][][][][] 
 []


Overfull \hbox (30.00427pt too wide) in paragraph at lines 17--18
[][][][][][][][][][][][][][][][][][][][][][][][][][][][] 
 []


Overfull \hbox (12.00409pt too wide) in paragraph at lines 18--19
[][][][][][][][][][][][][][][][][][][][][][][][][][][] 
 []


Overfull \hbox (6.00403pt too wide) in paragraph at lines 21--22
[][][][][][][][][][][][][][][][][][][][][][][][][][][][][] 
 []


Overfull \hbox (30.00427pt too wide) in paragraph at lines 22--23
[][][][][][][][][][][][][][][][][][][][][][][][][][][][][] 
 []


Overfull \hbox (30.00427pt too wide) in paragraph at lines 23--24
[][][][][][][][][][][][][][][][][][][][][][][][][][][] 
 []


Overfull \hbox (24.00421pt too wide) in paragraph at lines 24--25
[][][][][][][][][][][][][][][][][][][][][][][][][][][][][][][] 
 []


Overfull \hbox (18.00415pt too wide) in paragraph at lines 25--26
[][][][][][][][][][][][][][][][][][][][][][][][][][][][][][][][][] 
 []


Overfull \hbox (6.00403pt too wide) in paragraph at lines 28--29
[][][][][][][][][][][][][][][][][][][][][][][][][][] 
 []


Overfull \hbox (30.00427pt too wide) in paragraph at lines 29--30
[][][][][][][][][][][][][][][][][][][][][][][][][][][][][][][] 
 []


Overfull \hbox (36.00433pt too wide) in paragraph at lines 30--31
[][][][][][][][][][][][][][][][][][][][][][] 
 []


Overfull \hbox (6.00403pt too wide) in paragraph at lines 33--34
[][][][][][][][][][][][][][][][][][][][][][][][][][][] 
 []

[31

]
Overfull \hbox (24.00421pt too wide) in paragraph at lines 34--35
[][][][][][][][][][][][][][][][][][][][][][][][][][][][][][][] 
 []


Overfull \hbox (18.00415pt too wide) in paragraph at lines 35--36
[][][][][][][][][][][][][][][][][][][][][][][][][][][][][][][][][][][] 
 []


Overfull \hbox (12.00409pt too wide) in paragraph at lines 36--37
[][][][][][][][][][][][][][][][][][][][][][][][][][][][][][][] 
 []


Overfull \hbox (42.0044pt too wide) in paragraph at lines 39--40
[][][][][][][][][][][][][][][][][][][][][][][][][][][][][] 
 []


Overfull \hbox (18.00415pt too wide) in paragraph at lines 40--41
[][][][][][][][][][][][][][][][][][][][][][][][][][][] 
 []


Overfull \hbox (30.00427pt too wide) in paragraph at lines 43--44
[][][][][][][][][][][][][][][][][][][][][][][][][][][][][][][] 
 []


Overfull \hbox (42.0044pt too wide) in paragraph at lines 45--46
[][][][][][][][][][][][][][][][][][][][][][][][][][][][][][][][] 
 []


Overfull \hbox (36.00433pt too wide) in paragraph at lines 46--47
[][][][][][][][][][][][][][][][][][][][][][][][][][][][][][][] 
 []


Overfull \hbox (36.00433pt too wide) in paragraph at lines 47--48
[][][][][][][][][][][][][][][][][][][][][][][][][][] 
 []


Overfull \hbox (12.00409pt too wide) in paragraph at lines 51--52
[][][][][][][][][][][][][][][][][][][][][][][][][][][][][] 
 []


Overfull \hbox (30.00427pt too wide) in paragraph at lines 52--53
[][][][][][][][][][][][][][][][][][][][][][][] 
 []


Overfull \hbox (24.00421pt too wide) in paragraph at lines 53--54
[][][][][][][][][][][][][][][][][][][][][][][][][][][][][][] 
 []


Overfull \hbox (36.00433pt too wide) in paragraph at lines 54--56
[][][][][][][][][][][][][][][][][][][][][][][][][][][][][][][] 
 []


Overfull \hbox (6.00403pt too wide) in paragraph at lines 60--62
[][][][][][][][][][][][][][][][][][][][] 
 []


Overfull \hbox (24.00421pt too wide) in paragraph at lines 62--63
[][][][][][][][][][][][][][][][][][][][][][][][][][][] 
 []


Overfull \hbox (18.00415pt too wide) in paragraph at lines 63--64
[][][][][][][][][][][][][][][][][][][][][][][][][][] 
 []


Overfull \hbox (24.00421pt too wide) in paragraph at lines 64--65
[][][][][][][][][][][][][][][][][][][][][][][][][][][][] 
 []


Overfull \hbox (24.00421pt too wide) in paragraph at lines 65--66
[][][][][][][][][][][][][][][][][][][][][][][][][][][][][][][][][] 
 []


Overfull \hbox (18.00415pt too wide) in paragraph at lines 66--67
[][][][][][][][][][][][][][][][][][][][][][][][][] 
 []


Overfull \hbox (18.00415pt too wide) in paragraph at lines 68--69
[][][][][][][][][][][][][][][][][][][][][][] 
 []


Overfull \hbox (30.00427pt too wide) in paragraph at lines 69--70
[][][][][][][][][][][][][][][][][][][][][][][] 
 []


Overfull \hbox (18.00415pt too wide) in paragraph at lines 72--73
[][][][][][][][][][][][][][][][][][][][][] 
 []


Overfull \hbox (30.00427pt too wide) in paragraph at lines 74--75
[][][][][][][][][][][][][][][][][][][][][][][][][][][] 
 []


Overfull \hbox (12.00409pt too wide) in paragraph at lines 81--82
[][][][][][][][][][][][][][][][][][][][] 
 []

[32]
Overfull \hbox (30.00427pt too wide) in paragraph at lines 83--84
[][][][][][][][][][][][][][][][][][][][][][][][][][][][][] 
 []


Overfull \hbox (12.00409pt too wide) in paragraph at lines 84--85
[][][][][][][][][][][][][][][][][][][][][][][][][][][][] 
 []


Overfull \hbox (24.00421pt too wide) in paragraph at lines 87--88
[][][][][][][][][][][][][][][][][][][][][][][][][][][][][][][] 
 []


Overfull \hbox (36.00433pt too wide) in paragraph at lines 88--90
[][][][][][][][][][][][][][][][][][][][][][][][][][][][][] 
 []


Overfull \hbox (24.00421pt too wide) in paragraph at lines 90--91
[][][][][][][][][][][][][][][][][][][][][][][][][][][][][][][] 
 []


Overfull \hbox (6.00403pt too wide) in paragraph at lines 92--93
[][][][][][][][][][][][][][][][][][][][][][][][] 
 []


Overfull \hbox (12.00409pt too wide) in paragraph at lines 95--96
[][][][][][][][][][][][][][][][][][][][][][][][][][] 
 []


Overfull \hbox (6.00403pt too wide) in paragraph at lines 96--98
[][][][][][][][][][][][][][][][][][][][][][][][][][][][] 
 []


Overfull \hbox (30.00427pt too wide) in paragraph at lines 98--99
[][][][][][][][][][][][][][][][][][][][][][][][][][][][][][][] 
 []


Overfull \hbox (12.00409pt too wide) in paragraph at lines 99--100
[][][][][][][][][][][][][][][][][][][][][][][][][][][][][] 
 []


Overfull \hbox (24.00421pt too wide) in paragraph at lines 100--101
[][][][][][][][][][][][][][][][][][][][][][][][][][][][][][][][] 
 []


Overfull \hbox (18.00415pt too wide) in paragraph at lines 103--104
[][][][][][][][][][][][][][][][][][][][][][] 
 []


Overfull \hbox (18.00415pt too wide) in paragraph at lines 105--106
[][][][][][][][][][][][][][][][][][][][][][][][][][][][] 
 []


Overfull \hbox (30.00427pt too wide) in paragraph at lines 107--108
[][][][][][][][][][][][][][][][][][][][][][][][][][][][][] 
 []


Overfull \hbox (24.00421pt too wide) in paragraph at lines 109--110
[][][][][][][][][][][][][][][][][][][][][][][][][][][][][][] 
 []


Overfull \hbox (6.00403pt too wide) in paragraph at lines 110--111
[][][][][][][][][][][][][][][][][][][][][][][][][][] 
 []


Overfull \hbox (18.00415pt too wide) in paragraph at lines 111--112
[][][][][][][][][][][][][][][][][][][][][][][][][][] 
 []


Overfull \hbox (18.00415pt too wide) in paragraph at lines 115--116
[][][][][][][][][][][][][][][][][][][][][][][][][] 
 []


Overfull \hbox (6.00403pt too wide) in paragraph at lines 116--117
[][][][][][][][][][][][][][][][][][][][][][] 
 []


Overfull \hbox (12.00409pt too wide) in paragraph at lines 117--118
[][][][][][][][][][][][][][][][][][][][][][][][][][][][][] 
 []


Overfull \hbox (24.00421pt too wide) in paragraph at lines 119--120
[][][][][][][][][][][][][][][][][][][][][][][][][][][][][][] 
 []


Overfull \hbox (24.00421pt too wide) in paragraph at lines 120--121
[][][][][][][][][][][][][][][][][][][][][][][][][][][][][][][] 
 []


Overfull \hbox (48.00446pt too wide) in paragraph at lines 122--124
[][][][][][][][][][][][][][][][][][][][][][][][][][][][][][][][] 
 []


Overfull \hbox (24.00421pt too wide) in paragraph at lines 124--125
[][][][][][][][][][][][][][][][][][][][][][][][][][][][][][][] 
 []


Overfull \hbox (24.00421pt too wide) in paragraph at lines 125--126
[][][][][][][][][][][][][][][][][][][][][][][][][][][][][][] 
 []


Overfull \hbox (30.00427pt too wide) in paragraph at lines 129--130
[][][][][][][][][][][][][][][][][][][][][][][][][][][] 
 []


Overfull \hbox (24.00421pt too wide) in paragraph at lines 130--131
[][][][][][][][][][][][][][][][][][][][][][][][][][][][][][][][][][] 
 []


Overfull \hbox (18.00415pt too wide) in paragraph at lines 131--132
[][][][][][][][][][][][][][][][][][][][][][][][][][] 
 []

[33]
Overfull \hbox (18.00415pt too wide) in paragraph at lines 134--135
[][][][][][][][][][][][][][][][][][][][][][][][][][][][][][][][][] 
 []


Overfull \hbox (24.00421pt too wide) in paragraph at lines 135--136
[][][][][][][][][][][][][][][][][][][][][][][][][][][][] 
 []


Overfull \hbox (30.00427pt too wide) in paragraph at lines 136--138
[][][][][][][][][][][][][][][][][][][][][][][][][][][][][][][] 
 []


Overfull \hbox (18.00415pt too wide) in paragraph at lines 138--139
[][][][][][][][][][][][][][][][][][][][][][] 
 []


Overfull \hbox (30.00427pt too wide) in paragraph at lines 139--140
[][][][][][][][][][][][][][][][][][][][][][][][][][] 
 []


Overfull \hbox (66.00464pt too wide) in paragraph at lines 140--142
[][][][][][][][][][][][][][][][][][][][][][][][][][][][][][][] 
 []


Overfull \hbox (6.00403pt too wide) in paragraph at lines 142--143
[][][][][][][][][][][][][][][][][][][][][][][][][][][][][] 
 []


Overfull \hbox (6.00403pt too wide) in paragraph at lines 143--144
[][][][][][][][][][][][][][][][][][][][][][][][][][][][][][][] 
 []


Overfull \hbox (24.00421pt too wide) in paragraph at lines 146--147
[][][][][][][][][][][][][][][][][][][][][][][][][][][][][] 
 []


Overfull \hbox (24.00421pt too wide) in paragraph at lines 149--150
[][][][][][][][][][][][][][][][][][][][][][][][][][][][] 
 []


Overfull \hbox (18.00415pt too wide) in paragraph at lines 152--153
[][][][][][][][][][][][][][][][][][][][][][][][][] 
 []


Overfull \hbox (12.00409pt too wide) in paragraph at lines 155--156
[][][][][][][][][][][][][][][][][][][][][][][][][][][][][][] 
 []


Overfull \hbox (18.00415pt too wide) in paragraph at lines 156--157
[][][][][][][][][][][][][][][][][][][][][][][][][][] 
 []


Overfull \hbox (18.00415pt too wide) in paragraph at lines 157--158
[][][][][][][][][][][][][][][][][][][][][][][][][][][][][] 
 []


Overfull \hbox (24.00421pt too wide) in paragraph at lines 159--160
[][][][][][][][][][][][][][][][][][][][][][][][] 
 []


Overfull \hbox (18.00415pt too wide) in paragraph at lines 162--163
[][][][][][][][][][][][][][][][][][][][][][][][][][][][][][][] 
 []


Overfull \hbox (18.00415pt too wide) in paragraph at lines 163--164
[][][][][][][][][][][][][][][][][][][][][][][] 
 []


Overfull \hbox (6.00403pt too wide) in paragraph at lines 169--170
[][][][][][][][][][][][][][][][][][][][][][][][][] 
 []


Overfull \hbox (18.00415pt too wide) in paragraph at lines 172--173
[][][][][][][][][][][][][][][][][][][][][][][][][][][][] 
 []


Overfull \hbox (6.00403pt too wide) in paragraph at lines 174--175
[][][][][][][][][][][][][][][][][][][][][][][][] 
 []


Overfull \hbox (30.00427pt too wide) in paragraph at lines 175--176
[][][][][][][][][][][][][][][][][][][][][][][][] 
 []


Overfull \hbox (18.00415pt too wide) in paragraph at lines 176--177
[][][][][][][][][][][][][][][][][][][][][][][][][][][] 
 []


Overfull \hbox (18.00415pt too wide) in paragraph at lines 177--178
[][][][][][][][][][][][][][][][][][][][][][][][][][] 
 []


Overfull \hbox (18.00415pt too wide) in paragraph at lines 180--181
[][][][][][][][][][][][][][][][][][][][][][][][][][][][][][] 
 []

[34]
Overfull \hbox (18.00415pt too wide) in paragraph at lines 181--182
[][][][][][][][][][][][][][][][][][][][][][][][][][][][] 
 []


Overfull \hbox (6.00403pt too wide) in paragraph at lines 183--184
[][][][][][][][][][][][][][][][][][][][][][][][][][][][] 
 []


Overfull \hbox (18.00415pt too wide) in paragraph at lines 185--186
[][][][][][][][][][][][][][][][][][][][][][][][][][][][] 
 []


Overfull \hbox (12.00409pt too wide) in paragraph at lines 186--187
[][][][][][][][][][][][][][][][][][][][][][][] 
 []


Overfull \hbox (24.00421pt too wide) in paragraph at lines 189--190
[][][][][][][][][][][][][][][][][][][][][][][][][][][][][][] 
 []


Overfull \hbox (30.00427pt too wide) in paragraph at lines 191--192
[][][][][][][][][][][][][][][][][][][][][][][][][] 
 []


Overfull \hbox (30.00427pt too wide) in paragraph at lines 193--194
[][][][][][][][][][][][][][][][][][][][][][][][] 
 []


Overfull \hbox (18.00415pt too wide) in paragraph at lines 194--195
[][][][][][][][][][][][][][][][][][][][][][][][] 
 []


Overfull \hbox (24.00421pt too wide) in paragraph at lines 197--198
[][][][][][][][][][][][][][][][][][][][][][][][][][][][][][] 
 []


Overfull \hbox (18.00415pt too wide) in paragraph at lines 198--199
[][][][][][][][][][][][][][][][][][][][][][][][][][] 
 []


Overfull \hbox (12.00409pt too wide) in paragraph at lines 199--200
[][][][][][][][][][][][][][][][][][][][][][][][][][] 
 []


Overfull \hbox (30.00427pt too wide) in paragraph at lines 200--201
[][][][][][][][][][][][][][][][][][][][][][][][][][] 
 []


Overfull \hbox (30.00427pt too wide) in paragraph at lines 202--203
[][][][][][][][][][][][][][][][][][][][][][] 
 []


Overfull \hbox (30.00427pt too wide) in paragraph at lines 203--204
[][][][][][][][][][][][][][][][][][][][][][][][][] 
 []


Overfull \hbox (30.00427pt too wide) in paragraph at lines 205--206
[][][][][][][][][][][][][][][][][][][][][][][][] 
 []


Overfull \hbox (24.00421pt too wide) in paragraph at lines 206--207
[][][][][][][][][][][][][][][][][][][][][][][][][] 
 []


Overfull \hbox (12.00409pt too wide) in paragraph at lines 207--208
[][][][][][][][][][][][][][][][][][][][][][][][][][][][][][] 
 []


Overfull \hbox (24.00421pt too wide) in paragraph at lines 210--211
[][][][][][][][][][][][][][][][][][][][][][][][][][] 
 []


Overfull \hbox (30.00427pt too wide) in paragraph at lines 211--212
[][][][][][][][][][][][][][][][][][][][][][][][][] 
 []


Overfull \hbox (12.00409pt too wide) in paragraph at lines 215--216
[][][][][][][][][][][][][][][][][][][][][][][][][][][][][][] 
 []


Overfull \hbox (18.00415pt too wide) in paragraph at lines 216--217
[][][][][][][][][][][][][][][][][][][][][][][][][][] 
 []


Overfull \hbox (30.00427pt too wide) in paragraph at lines 222--223
[][][][][][][][][][][][][][][][][][][][][][][][][][][][][][][][][][][] 
 []


Overfull \hbox (24.00421pt too wide) in paragraph at lines 223--224
[][][][][][][][][][][][][][][][][][][][][][][][] 
 []


Overfull \hbox (24.00421pt too wide) in paragraph at lines 226--227
[][][][][][][][][][][][][][][][][][][][][][][][][][] 
 []


Overfull \hbox (12.00409pt too wide) in paragraph at lines 229--230
[][][][][][][][][][][][][][][][][][][][][][][][][][][][][] 
 []

[35]
Overfull \hbox (24.00421pt too wide) in paragraph at lines 230--231
[][][][][][][][][][][][][][][][][][][][][][][] 
 []


Overfull \hbox (12.00409pt too wide) in paragraph at lines 231--232
[][][][][][][][][][][][][][][][][][][][][][] 
 []


Overfull \hbox (6.00403pt too wide) in paragraph at lines 232--233
[][][][][][][][][][][][][][][][][][] 
 []


Overfull \hbox (12.00409pt too wide) in paragraph at lines 233--234
[][][][][][][][][][][][][][][][][][][][][][][][][] 
 []


Overfull \hbox (24.00421pt too wide) in paragraph at lines 234--235
[][][][][][][][][][][][][][][][][][][][][][][][][][] 
 []


Overfull \hbox (48.00446pt too wide) in paragraph at lines 237--238
[][][][][][][][][][][][][][][][][][][][][][][][][][][] 
 []


Overfull \hbox (36.00433pt too wide) in paragraph at lines 238--239
[][][][][][][][][][][][][][][][][][][][][][][][][][][][][] 
 []


Overfull \hbox (42.0044pt too wide) in paragraph at lines 239--240
[][][][][][][][][][][][][][][][][][][][][][][][][][][][][][][] 
 []


Overfull \hbox (24.00421pt too wide) in paragraph at lines 242--243
[][][][][][][][][][][][][][][][][][][][][][][][][] 
 []


Overfull \hbox (36.00433pt too wide) in paragraph at lines 243--244
[][][][][][][][][][][][][][][][][][][][][][][][][][][][][] 
 []


Overfull \hbox (48.00446pt too wide) in paragraph at lines 244--245
[][][][][][][][][][][][][][][][][][][][][][][][][][][] 
 []


Overfull \hbox (18.00415pt too wide) in paragraph at lines 245--246
[][][][][][][][][][][][][][][][][][][][][][][][][][][][] 
 []


Overfull \hbox (48.00446pt too wide) in paragraph at lines 246--247
[][][][][][][][][][][][][][][][][][][][][][][][][][][][][] 
 []


Overfull \hbox (66.00464pt too wide) in paragraph at lines 247--248
[][][][][][][][][][][][][][][][][][][][][][][][][][][][][] 
 []


Overfull \hbox (24.00421pt too wide) in paragraph at lines 250--251
[][][][][][][][][][][][][][][][][][][][][][][][][][][][][] 
 []


Overfull \hbox (48.00446pt too wide) in paragraph at lines 251--252
[][][][][][][][][][][][][][][][][][][][][][][] 
 []


Overfull \hbox (24.00421pt too wide) in paragraph at lines 252--253
[][][][][][][][][][][][][][][][][][][][][][][][][][][][][] 
 []


Overfull \hbox (42.0044pt too wide) in paragraph at lines 253--254
[][][][][][][][][][][][][][][][][][][][][][][][] 
 []


Overfull \hbox (36.00433pt too wide) in paragraph at lines 254--255
[][][][][][][][][][][][][][][][][][][][][][][][][][][][][][][] 
 []


Overfull \hbox (48.00446pt too wide) in paragraph at lines 255--256
[][][][][][][][][][][][][][][][][][][][][][][][][][][][] 
 []


Overfull \hbox (54.00452pt too wide) in paragraph at lines 260--261
[][][][][][][][][][][][][][][][][][][][][][][][][][][][][][] 
 []


Overfull \hbox (36.00433pt too wide) in paragraph at lines 261--262
[][][][][][][][][][][][][][][][][][][][][][][][][][][][] 
 []


Overfull \hbox (30.00427pt too wide) in paragraph at lines 262--263
[][][][][][][][][][][][][][][][][][][][][][][][] 
 []


Overfull \hbox (54.00452pt too wide) in paragraph at lines 263--264
[][][][][][][][][][][][][][][][][][][][][][][][][][][][][] 
 []


Overfull \hbox (18.00415pt too wide) in paragraph at lines 264--265
[][][][][][][][][][][][][][][][][][][][][][][][][][][] 
 []


Overfull \hbox (42.0044pt too wide) in paragraph at lines 265--266
[][][][][][][][][][][][][][][][][][][][][][][][][] 
 []


Overfull \hbox (24.00421pt too wide) in paragraph at lines 266--267
[][][][][][][][][][][][][][][][][][][][][][][][][][][][][] 
 []


Overfull \hbox (42.0044pt too wide) in paragraph at lines 267--268
[][][][][][][][][][][][][][][][][][][][][][][][][][] 
 []


Overfull \hbox (60.00458pt too wide) in paragraph at lines 270--271
[][][][][][][][][][][][][][][][][][][][][][][][][][][][][][][] 
 []


Overfull \hbox (12.00409pt too wide) in paragraph at lines 271--272
[][][][][][][][][][][][][][][][][][][][][][][][][][][][][] 
 []


Overfull \hbox (54.00452pt too wide) in paragraph at lines 272--273
[][][][][][][][][][][][][][][][][][][][][][][][][][][][] 
 []


Overfull \hbox (60.00458pt too wide) in paragraph at lines 273--274
[][][][][][][][][][][][][][][][][][][][][][] 
 []


Overfull \hbox (48.00446pt too wide) in paragraph at lines 274--275
[][][][][][][][][][][][][][][][][][][][][][][][][][][][][][][] 
 []


Overfull \hbox (42.0044pt too wide) in paragraph at lines 275--276
[][][][][][][][][][][][][][][][][][][][][][][][][][][][] 
 []


Overfull \hbox (54.00452pt too wide) in paragraph at lines 276--277
[][][][][][][][][][][][][][][][][][][][][][][][][][][][][][][][] 
 []


Overfull \hbox (24.00421pt too wide) in paragraph at lines 277--278
[][][][][][][][][][][][][][][][][][][][][][][][][][][][][] 
 []

[36]
Overfull \hbox (24.00421pt too wide) in paragraph at lines 284--285
[][][][][][][][][][][][][][][][][][][][][][][][][][][][][][][][][][] 
 []


Overfull \hbox (30.00427pt too wide) in paragraph at lines 285--286
[][][][][][][][][][][][][][][][][][][][][][][][][][][][][][][][][] 
 []


Overfull \hbox (60.00458pt too wide) in paragraph at lines 286--288
[][][][][][][][][][][][][][][][][][][][][][][][][] 
 []


Overfull \hbox (24.00421pt too wide) in paragraph at lines 288--289
[][][][][][][][][][][][][][][][][][][][][][][][][][][][][][][] 
 []


Overfull \hbox (12.00409pt too wide) in paragraph at lines 289--290
[][][][][][][][][][][][][][][][][][][][][][][][][][][][] 
 []


Overfull \hbox (18.00415pt too wide) in paragraph at lines 290--291
[][][][][][][][][][][][][][][][][][][][][][][][][][][] 
 []


Overfull \hbox (24.00421pt too wide) in paragraph at lines 291--293
[][][][][][][][][][][][][][][][][][][][][][][][][][][][][][][] 
 []


Overfull \hbox (60.00458pt too wide) in paragraph at lines 293--294
[][][][][][][][][][][][][][][][][][][][][][][][][][][][][][][][][][][][][] 
 []


Overfull \hbox (42.0044pt too wide) in paragraph at lines 296--297
[][][][][][][][][][][][][][][][][][][][][][][][][][][][] 
 []


Overfull \hbox (42.0044pt too wide) in paragraph at lines 297--298
[][][][][][][][][][][][][][][][][][][][][][][][][][][][][] 
 []


Overfull \hbox (24.00421pt too wide) in paragraph at lines 298--299
[][][][][][][][][][][][][][][][][][][][][][][][][][][] 
 []


Overfull \hbox (12.00409pt too wide) in paragraph at lines 301--302
[][][][][][][][][][][][][][][][][][][][][][][][][][][][] 
 []


Overfull \hbox (6.00403pt too wide) in paragraph at lines 302--303
[][][][][][][][][][][][][][][][][][][][][][][][] 
 []


Overfull \hbox (60.00458pt too wide) in paragraph at lines 306--307
[][][][][][][][][][][][][][][][][][][][][][][][][][][][][] 
 []


Overfull \hbox (60.00458pt too wide) in paragraph at lines 307--308
[][][][][][][][][][][][][][][][][][][][][][][][][][][][][][][] 
 []


Overfull \hbox (42.0044pt too wide) in paragraph at lines 310--312
[][][][][][][][][][][][][][][][][][][][][][][][][][][][][] 
 []


Overfull \hbox (30.00427pt too wide) in paragraph at lines 312--313
[][][][][][][][][][][][][][][][][][][][][][][][][][][][][] 
 []


Overfull \hbox (72.0047pt too wide) in paragraph at lines 316--317
[][][][][][][][][][][][][][][][][][][][][][][][][][][][] 
 []


Overfull \hbox (60.00458pt too wide) in paragraph at lines 320--321
[][][][][][][][][][][][][][][][][][][][][][][][][][][][][][] 
 []


Overfull \hbox (48.00446pt too wide) in paragraph at lines 321--322
[][][][][][][][][][][][][][][][][][][][][][][][][][][][][][][][] 
 []


Overfull \hbox (42.0044pt too wide) in paragraph at lines 322--323
[][][][][][][][][][][][][][][][][][][][][][][][][][][][][][][][][][] 
 []


Overfull \hbox (36.00433pt too wide) in paragraph at lines 325--326
[][][][][][][][][][][][][][][][][][][][][][][][][][][][][][][][] 
 []


Overfull \hbox (18.00415pt too wide) in paragraph at lines 326--327
[][][][][][][][][][][][][][][][][][][][][][][][][][][][][][][] 
 []

[37]
Overfull \hbox (42.0044pt too wide) in paragraph at lines 329--330
[][][][][][][][][][][][][][][][][][][][][][][][][] 
 []


Overfull \hbox (54.00452pt too wide) in paragraph at lines 330--332
[][][][][][][][][][][][][][][][][][][][][][][][][][][][] 
 []


Overfull \hbox (60.00458pt too wide) in paragraph at lines 335--336
[][][][][][][][][][][][][][][][][][][][][][][][] 
 []


Overfull \hbox (36.00433pt too wide) in paragraph at lines 336--337
[][][][][][][][][][][][][][][][][][][][][][][][][][][][] 
 []


Overfull \hbox (60.00458pt too wide) in paragraph at lines 337--338
[][][][][][][][][][][][][][][][][][][][][][][][] 
 []


Overfull \hbox (18.00415pt too wide) in paragraph at lines 338--339
[][][][][][][][][][][][][][][][][][][][][][][][][][][][][][][][][][] 
 []

)
Package atveryend Info: Empty hook `BeforeClearDocument' on input line 735.
 [38]
Package atveryend Info: Empty hook `AfterLastShipout' on input line 735.
 (./ElSpec-manual.aux)
Package atveryend Info: Executing hook `AtVeryEndDocument' on input line 735.
Package atveryend Info: Executing hook `AtEndAfterFileList' on input line 735.
Package rerunfilecheck Info: File `ElSpec-manual.out' has not changed.
(rerunfilecheck)             Checksum: 010BFC09329AA5788E389A605DCF0734;2134.
Package atveryend Info: Empty hook `AtVeryVeryEnd' on input line 735.
 ) 
Here is how much of TeX's memory you used:
 10869 strings out of 493315
 151735 string characters out of 6137904
 343270 words of memory out of 5000000
 13601 multiletter control sequences out of 15000+600000
 95768 words of font info for 177 fonts, out of 8000000 for 9000
 957 hyphenation exceptions out of 8191
 45i,9n,97p,815b,1708s stack positions out of 5000i,500n,10000p,200000b,80000s
{/usr/local/texlive/2013/texmf-dist/fonts/enc/dvips/base/8r.enc}</usr/local/t
exlive/2013/texmf-dist/fonts/type1/public/newtx/ntxsups.pfb></usr/local/texlive
/2013/texmf-dist/fonts/type1/public/newtx/rntxbmi.pfb></usr/local/texlive/2013/
texmf-dist/fonts/type1/public/txfonts/rtxb.pfb></usr/local/texlive/2013/texmf-d
ist/fonts/type1/public/newtx/rtxbmi-rev.pfb></usr/local/texlive/2013/texmf-dist
/fonts/type1/public/txfonts/rtxmi.pfb></usr/local/texlive/2013/texmf-dist/fonts
/type1/public/txfonts/rtxr.pfb></usr/local/texlive/2013/texmf-dist/fonts/type1/
public/txfonts/t1xbtt.pfb></usr/local/texlive/2013/texmf-dist/fonts/type1/publi
c/txfonts/t1xtt.pfb></usr/local/texlive/2013/texmf-dist/fonts/type1/public/newt
x/txex-bar.pfb></usr/local/texlive/2013/texmf-dist/fonts/type1/public/txfonts/t
xex.pfb></usr/local/texlive/2013/texmf-dist/fonts/type1/public/txfonts/txmia.pf
b></usr/local/texlive/2013/texmf-dist/fonts/type1/public/txfonts/txsy.pfb></usr
/local/texlive/2013/texmf-dist/fonts/type1/urw/times/utmb8a.pfb></usr/local/tex
live/2013/texmf-dist/fonts/type1/urw/times/utmr8a.pfb></usr/local/texlive/2013/
texmf-dist/fonts/type1/urw/times/utmri8a.pfb>
Output written on ElSpec-manual.pdf (39 pages, 922326 bytes).
PDF statistics:
 1030 PDF objects out of 1200 (max. 8388607)
 959 compressed objects within 10 object streams
 517 named destinations out of 1000 (max. 500000)
 282 words of extra memory for PDF output out of 10000 (max. 10000000)

